<?xml version="1.0" encoding="UTF-8"?>
<testsuite name="org.axis.form.FormApplicationTests" tests="1" skipped="0" failures="0" errors="0" timestamp="2025-03-22T20:08:19.859Z" hostname="majonghoui-MacBookPro.local" time="0.462">
  <properties/>
  <testcase name="contextLoads()" classname="org.axis.form.FormApplicationTests" time="0.462"/>
  <system-out><![CDATA[05:08:16.495 [Test worker] INFO org.springframework.test.context.support.AnnotationConfigContextLoaderUtils -- Could not detect default configuration classes for test class [org.axis.form.FormApplicationTests]: FormApplicationTests does not declare any static, non-private, non-final, nested classes annotated with @Configuration.
05:08:16.605 [Test worker] INFO org.springframework.boot.test.context.SpringBootTestContextBootstrapper -- Found @SpringBootConfiguration org.axis.form.FormApplication for test class org.axis.form.FormApplicationTests

  .   ____          _            __ _ _
 /\\ / ___'_ __ _ _(_)_ __  __ _ \ \ \ \
( ( )\___ | '_ | '_| | '_ \/ _` | \ \ \ \
 \\/  ___)| |_)| | | | | || (_| |  ) ) ) )
  '  |____| .__|_| |_|_| |_\__, | / / / /
 =========|_|==============|___/=/_/_/_/

 :: Spring Boot ::                (v3.4.3)

2025-03-23T05:08:16.966+09:00  INFO 70821 --- [form] [    Test worker] org.axis.form.FormApplicationTests       : Starting FormApplicationTests using Java 21.0.5 with PID 70821 (started by axis in /Users/axis/MacBookStore/ComStudy/Spring/Spring-Form)
2025-03-23T05:08:16.967+09:00  INFO 70821 --- [form] [    Test worker] org.axis.form.FormApplicationTests       : No active profile set, falling back to 1 default profile: "default"
2025-03-23T05:08:17.541+09:00  INFO 70821 --- [form] [    Test worker] .s.d.r.c.RepositoryConfigurationDelegate : Bootstrapping Spring Data JPA repositories in DEFAULT mode.
2025-03-23T05:08:17.589+09:00  INFO 70821 --- [form] [    Test worker] .s.d.r.c.RepositoryConfigurationDelegate : Finished Spring Data repository scanning in 40 ms. Found 2 JPA repository interfaces.
2025-03-23T05:08:17.944+09:00  INFO 70821 --- [form] [    Test worker] o.hibernate.jpa.internal.util.LogHelper  : HHH000204: Processing PersistenceUnitInfo [name: default]
2025-03-23T05:08:17.992+09:00  INFO 70821 --- [form] [    Test worker] org.hibernate.Version                    : HHH000412: Hibernate ORM core version 6.6.8.Final
2025-03-23T05:08:18.022+09:00  INFO 70821 --- [form] [    Test worker] o.h.c.internal.RegionFactoryInitiator    : HHH000026: Second-level cache disabled
2025-03-23T05:08:18.268+09:00  INFO 70821 --- [form] [    Test worker] o.s.o.j.p.SpringPersistenceUnitInfo      : No LoadTimeWeaver setup: ignoring JPA class transformer
2025-03-23T05:08:18.290+09:00  INFO 70821 --- [form] [    Test worker] com.zaxxer.hikari.HikariDataSource       : HikariPool-1 - Starting...
2025-03-23T05:08:18.407+09:00  INFO 70821 --- [form] [    Test worker] com.zaxxer.hikari.pool.HikariPool        : HikariPool-1 - Added connection org.mariadb.jdbc.Connection@46c662f2
2025-03-23T05:08:18.409+09:00  INFO 70821 --- [form] [    Test worker] com.zaxxer.hikari.HikariDataSource       : HikariPool-1 - Start completed.
2025-03-23T05:08:18.454+09:00  INFO 70821 --- [form] [    Test worker] org.hibernate.orm.connections.pooling    : HHH10001005: Database info:
	Database JDBC URL [Connecting through datasource 'HikariDataSource (HikariPool-1)']
	Database driver: undefined/unknown
	Database version: 11.7.2
	Autocommit mode: undefined/unknown
	Isolation level: undefined/unknown
	Minimum pool size: undefined/unknown
	Maximum pool size: undefined/unknown
2025-03-23T05:08:18.941+09:00  INFO 70821 --- [form] [    Test worker] o.h.m.i.EntityInstantiatorPojoStandard   : HHH000182: No default (no-argument) constructor for class: org.axis.form.entity.ApplicationEntity (class must be instantiated by Interceptor)
2025-03-23T05:08:19.119+09:00  INFO 70821 --- [form] [    Test worker] o.h.e.t.j.p.i.JtaPlatformInitiator       : HHH000489: No JTA platform available (set 'hibernate.transaction.jta.platform' to enable JTA platform integration)
2025-03-23T05:08:19.161+09:00  INFO 70821 --- [form] [    Test worker] j.LocalContainerEntityManagerFactoryBean : Initialized JPA EntityManagerFactory for persistence unit 'default'
2025-03-23T05:08:19.468+09:00  WARN 70821 --- [form] [    Test worker] JpaBaseConfiguration$JpaWebConfiguration : spring.jpa.open-in-view is enabled by default. Therefore, database queries may be performed during view rendering. Explicitly configure spring.jpa.open-in-view to disable this warning
2025-03-23T05:08:19.847+09:00  INFO 70821 --- [form] [    Test worker] org.axis.form.FormApplicationTests       : Started FormApplicationTests in 3.114 seconds (process running for 5.128)
]]></system-out>
  <system-err><![CDATA[Mockito is currently self-attaching to enable the inline-mock-maker. This will no longer work in future releases of the JDK. Please add Mockito as an agent to your build what is described in Mockito's documentation: https://javadoc.io/doc/org.mockito/mockito-core/latest/org/mockito/Mockito.html#0.3
WARNING: A Java agent has been loaded dynamically (/Users/axis/.gradle/caches/modules-2/files-2.1/net.bytebuddy/byte-buddy-agent/1.15.11/a38b16385e867f59a641330f0362ebe742788ed8/byte-buddy-agent-1.15.11.jar)
WARNING: If a serviceability tool is in use, please run with -XX:+EnableDynamicAgentLoading to hide this warning
WARNING: If a serviceability tool is not in use, please run with -Djdk.instrument.traceUsage for more information
WARNING: Dynamic loading of agents will be disallowed by default in a future release
]]></system-err>
</testsuite>
